{
  "stats": {
    "suites": 1,
    "tests": 1,
    "passes": 0,
    "pending": 0,
    "failures": 1,
    "start": "2017-06-29T04:38:07.044Z",
    "end": "2017-06-29T04:39:53.683Z",
    "duration": 106639,
    "testsRegistered": 1,
    "passPercent": 0,
    "pendingPercent": 0,
    "other": 0,
    "hasOther": false,
    "skipped": 0,
    "hasSkipped": false,
    "passPercentClass": "danger",
    "pendingPercentClass": "danger"
  },
  "suites": {
    "title": "",
    "suites": [
      {
        "title": "Test for dockyard-test",
        "suites": [],
        "tests": [
          {
            "title": "#login",
            "fullTitle": "Test for dockyard-test #login",
            "timedOut": false,
            "duration": 74788,
            "state": "failed",
            "pass": false,
            "fail": true,
            "pending": false,
            "code": "//  this.timeout(90000);\n        var loginPage = new LoginPage(driver);\n        loginPage.login();\n        driver.sleep(8000);\n        this.comFunc.takeScreenshot(driver, 'login.jpeg');\n        loginPage.validate();",
            "err": {
              "name": "TimeoutError",
              "estack": "TimeoutError: Waiting for element to be located By(xpath, //*[@id='tab-t5-2']/span[@class='tab-button-text'])\nWait timed out after 60008ms\n    at /node_modules/selenium-webdriver/lib/promise.js:2209:17\n    at ManagedPromise.invokeCallback_ (/node_modules/selenium-webdriver/lib/promise.js:1384:14)\n    at TaskQueue.execute_ (/node_modules/selenium-webdriver/lib/promise.js:3092:14)\n    at TaskQueue.executeNext_ (/node_modules/selenium-webdriver/lib/promise.js:3075:27)\n    at asyncRun (/node_modules/selenium-webdriver/lib/promise.js:2935:27)\n    at /node_modules/selenium-webdriver/lib/promise.js:676:7\n    at <anonymous>\n    at process._tickCallback (internal/process/next_tick.js:169:7)\nFrom: Task: Waiting for element to be located By(xpath, //*[@id='tab-t5-2']/span[@class='tab-button-text'])\n    at scheduleWait (/node_modules/selenium-webdriver/lib/promise.js:2196:20)\n    at ControlFlow.wait (/node_modules/selenium-webdriver/lib/promise.js:2525:12)\n    at thenableWebDriverProxy.wait (/node_modules/selenium-webdriver/lib/webdriver.js:943:29)\n    at LoginPage.getElement (common/base-page.js:28:28)\n    at LoginPage.clickElement (common/base-page.js:40:25)\n    at LoginPage.validate (testcase/dockyard/login-page.js:54:10)\n    at Context.<anonymous> (test-dockyard.js:42:19)\n    at runTest (/node_modules/selenium-webdriver/testing/index.js:164:22)\n    at /node_modules/selenium-webdriver/testing/index.js:185:16\n    at new ManagedPromise (/node_modules/selenium-webdriver/lib/promise.js:1085:7)\n    at controlFlowExecute (/node_modules/selenium-webdriver/testing/index.js:184:14)\n    at TaskQueue.execute_ (/node_modules/selenium-webdriver/lib/promise.js:3092:14)\n    at TaskQueue.executeNext_ (/node_modules/selenium-webdriver/lib/promise.js:3075:27)\n    at asyncRun (/node_modules/selenium-webdriver/lib/promise.js:2982:25)\n    at /node_modules/selenium-webdriver/lib/promise.js:676:7\n    at <anonymous>\nFrom: Task: WebElement.click()\n    at thenableWebDriverProxy.schedule (/node_modules/selenium-webdriver/lib/webdriver.js:816:17)\n    at WebElementPromise.schedule_ (/node_modules/selenium-webdriver/lib/webdriver.js:2024:25)\n    at WebElementPromise.click (/node_modules/selenium-webdriver/lib/webdriver.js:2105:17)\n    at LoginPage.clickElement (common/base-page.js:48:22)\n    at LoginPage.validate (testcase/dockyard/login-page.js:54:10)\n    at Context.<anonymous> (test-dockyard.js:42:19)\n    at runTest (/node_modules/selenium-webdriver/testing/index.js:164:22)\n    at /node_modules/selenium-webdriver/testing/index.js:185:16\n    at new ManagedPromise (/node_modules/selenium-webdriver/lib/promise.js:1085:7)\n    at controlFlowExecute (/node_modules/selenium-webdriver/testing/index.js:184:14)\n    at TaskQueue.execute_ (/node_modules/selenium-webdriver/lib/promise.js:3092:14)\n    at TaskQueue.executeNext_ (/node_modules/selenium-webdriver/lib/promise.js:3075:27)\n    at asyncRun (/node_modules/selenium-webdriver/lib/promise.js:2982:25)\n    at /node_modules/selenium-webdriver/lib/promise.js:676:7\n    at <anonymous>\nFrom: Task: Test for dockyard-test #login\n    at Context.ret (/node_modules/selenium-webdriver/testing/index.js:183:10)"
            },
            "isRoot": false,
            "uuid": "9fa31996-434e-43f4-bc93-fd08ea3c4978",
            "parentUUID": "4959ace2-90fb-4c5c-baa3-563547e98f51",
            "isHook": false,
            "skipped": false
          }
        ],
        "pending": [],
        "root": false,
        "_timeout": 9000000,
        "file": "/test-dockyard.js",
        "uuid": "4959ace2-90fb-4c5c-baa3-563547e98f51",
        "beforeHooks": [
          {
            "title": "\"before all\" hook: ret",
            "fullTitle": "Test for dockyard-test \"before all\" hook: ret",
            "timedOut": false,
            "duration": 31785,
            "pass": false,
            "fail": false,
            "pending": false,
            "code": "var comFunc = new CommonFunction();\ndriver = comFunc.getDriver();\nthis.comFunc = comFunc;\n// driver.manage().window().setPosition(150,30);\n// driver.manage().window().setSize(1100,700);\ndriver.get(config.url);",
            "err": {},
            "isRoot": false,
            "uuid": "4acc5566-6c7e-414b-b0ec-4c65b5c27f97",
            "parentUUID": "4959ace2-90fb-4c5c-baa3-563547e98f51",
            "isHook": true,
            "skipped": false
          }
        ],
        "afterHooks": [
          {
            "title": "\"after all\" hook: ret",
            "fullTitle": "Test for dockyard-test \"after all\" hook: ret",
            "timedOut": false,
            "duration": 55,
            "pass": false,
            "fail": false,
            "pending": false,
            "code": "driver.quit();",
            "err": {},
            "isRoot": false,
            "uuid": "85322f2b-3dbb-4238-80f8-c205e7069035",
            "parentUUID": "4959ace2-90fb-4c5c-baa3-563547e98f51",
            "isHook": true,
            "skipped": false
          }
        ],
        "fullFile": "/Users/bindo/MyDisk/AutoTest/dockyard-autotest/test-dockyard.js",
        "passes": [],
        "failures": [
          {
            "title": "#login",
            "fullTitle": "Test for dockyard-test #login",
            "timedOut": false,
            "duration": 74788,
            "state": "failed",
            "pass": false,
            "fail": true,
            "pending": false,
            "code": "//  this.timeout(90000);\n        var loginPage = new LoginPage(driver);\n        loginPage.login();\n        driver.sleep(8000);\n        this.comFunc.takeScreenshot(driver, 'login.jpeg');\n        loginPage.validate();",
            "err": {
              "name": "TimeoutError",
              "estack": "TimeoutError: Waiting for element to be located By(xpath, //*[@id='tab-t5-2']/span[@class='tab-button-text'])\nWait timed out after 60008ms\n    at /node_modules/selenium-webdriver/lib/promise.js:2209:17\n    at ManagedPromise.invokeCallback_ (/node_modules/selenium-webdriver/lib/promise.js:1384:14)\n    at TaskQueue.execute_ (/node_modules/selenium-webdriver/lib/promise.js:3092:14)\n    at TaskQueue.executeNext_ (/node_modules/selenium-webdriver/lib/promise.js:3075:27)\n    at asyncRun (/node_modules/selenium-webdriver/lib/promise.js:2935:27)\n    at /node_modules/selenium-webdriver/lib/promise.js:676:7\n    at <anonymous>\n    at process._tickCallback (internal/process/next_tick.js:169:7)\nFrom: Task: Waiting for element to be located By(xpath, //*[@id='tab-t5-2']/span[@class='tab-button-text'])\n    at scheduleWait (/node_modules/selenium-webdriver/lib/promise.js:2196:20)\n    at ControlFlow.wait (/node_modules/selenium-webdriver/lib/promise.js:2525:12)\n    at thenableWebDriverProxy.wait (/node_modules/selenium-webdriver/lib/webdriver.js:943:29)\n    at LoginPage.getElement (common/base-page.js:28:28)\n    at LoginPage.clickElement (common/base-page.js:40:25)\n    at LoginPage.validate (testcase/dockyard/login-page.js:54:10)\n    at Context.<anonymous> (test-dockyard.js:42:19)\n    at runTest (/node_modules/selenium-webdriver/testing/index.js:164:22)\n    at /node_modules/selenium-webdriver/testing/index.js:185:16\n    at new ManagedPromise (/node_modules/selenium-webdriver/lib/promise.js:1085:7)\n    at controlFlowExecute (/node_modules/selenium-webdriver/testing/index.js:184:14)\n    at TaskQueue.execute_ (/node_modules/selenium-webdriver/lib/promise.js:3092:14)\n    at TaskQueue.executeNext_ (/node_modules/selenium-webdriver/lib/promise.js:3075:27)\n    at asyncRun (/node_modules/selenium-webdriver/lib/promise.js:2982:25)\n    at /node_modules/selenium-webdriver/lib/promise.js:676:7\n    at <anonymous>\nFrom: Task: WebElement.click()\n    at thenableWebDriverProxy.schedule (/node_modules/selenium-webdriver/lib/webdriver.js:816:17)\n    at WebElementPromise.schedule_ (/node_modules/selenium-webdriver/lib/webdriver.js:2024:25)\n    at WebElementPromise.click (/node_modules/selenium-webdriver/lib/webdriver.js:2105:17)\n    at LoginPage.clickElement (common/base-page.js:48:22)\n    at LoginPage.validate (testcase/dockyard/login-page.js:54:10)\n    at Context.<anonymous> (test-dockyard.js:42:19)\n    at runTest (/node_modules/selenium-webdriver/testing/index.js:164:22)\n    at /node_modules/selenium-webdriver/testing/index.js:185:16\n    at new ManagedPromise (/node_modules/selenium-webdriver/lib/promise.js:1085:7)\n    at controlFlowExecute (/node_modules/selenium-webdriver/testing/index.js:184:14)\n    at TaskQueue.execute_ (/node_modules/selenium-webdriver/lib/promise.js:3092:14)\n    at TaskQueue.executeNext_ (/node_modules/selenium-webdriver/lib/promise.js:3075:27)\n    at asyncRun (/node_modules/selenium-webdriver/lib/promise.js:2982:25)\n    at /node_modules/selenium-webdriver/lib/promise.js:676:7\n    at <anonymous>\nFrom: Task: Test for dockyard-test #login\n    at Context.ret (/node_modules/selenium-webdriver/testing/index.js:183:10)"
            },
            "isRoot": false,
            "uuid": "9fa31996-434e-43f4-bc93-fd08ea3c4978",
            "parentUUID": "4959ace2-90fb-4c5c-baa3-563547e98f51",
            "isHook": false,
            "skipped": false
          }
        ],
        "skipped": [],
        "hasBeforeHooks": true,
        "hasAfterHooks": true,
        "hasTests": true,
        "hasSuites": false,
        "totalTests": 1,
        "totalPasses": 0,
        "totalFailures": 1,
        "totalPending": 0,
        "totalSkipped": 0,
        "hasPasses": false,
        "hasFailures": true,
        "hasPending": false,
        "hasSkipped": false,
        "duration": 74788,
        "rootEmpty": false
      }
    ],
    "tests": [],
    "pending": [],
    "root": true,
    "_timeout": 2000,
    "uuid": "3060338f-401b-4110-95dd-d486159e0f27",
    "beforeHooks": [],
    "afterHooks": [],
    "fullFile": "",
    "file": "",
    "passes": [],
    "failures": [],
    "skipped": [],
    "hasBeforeHooks": false,
    "hasAfterHooks": false,
    "hasTests": false,
    "hasSuites": true,
    "totalTests": 0,
    "totalPasses": 0,
    "totalFailures": 0,
    "totalPending": 0,
    "totalSkipped": 0,
    "hasPasses": false,
    "hasFailures": false,
    "hasPending": false,
    "hasSkipped": false,
    "duration": 0,
    "rootEmpty": true
  },
  "allTests": [
    {
      "title": "#login",
      "fullTitle": "Test for dockyard-test #login",
      "timedOut": false,
      "duration": 74788,
      "state": "failed",
      "pass": false,
      "fail": true,
      "pending": false,
      "code": "//  this.timeout(90000);\n        var loginPage = new LoginPage(driver);\n        loginPage.login();\n        driver.sleep(8000);\n        this.comFunc.takeScreenshot(driver, 'login.jpeg');\n        loginPage.validate();",
      "err": {
        "name": "TimeoutError",
        "estack": "TimeoutError: Waiting for element to be located By(xpath, //*[@id='tab-t5-2']/span[@class='tab-button-text'])\nWait timed out after 60008ms\n    at /node_modules/selenium-webdriver/lib/promise.js:2209:17\n    at ManagedPromise.invokeCallback_ (/node_modules/selenium-webdriver/lib/promise.js:1384:14)\n    at TaskQueue.execute_ (/node_modules/selenium-webdriver/lib/promise.js:3092:14)\n    at TaskQueue.executeNext_ (/node_modules/selenium-webdriver/lib/promise.js:3075:27)\n    at asyncRun (/node_modules/selenium-webdriver/lib/promise.js:2935:27)\n    at /node_modules/selenium-webdriver/lib/promise.js:676:7\n    at <anonymous>\n    at process._tickCallback (internal/process/next_tick.js:169:7)\nFrom: Task: Waiting for element to be located By(xpath, //*[@id='tab-t5-2']/span[@class='tab-button-text'])\n    at scheduleWait (/node_modules/selenium-webdriver/lib/promise.js:2196:20)\n    at ControlFlow.wait (/node_modules/selenium-webdriver/lib/promise.js:2525:12)\n    at thenableWebDriverProxy.wait (/node_modules/selenium-webdriver/lib/webdriver.js:943:29)\n    at LoginPage.getElement (common/base-page.js:28:28)\n    at LoginPage.clickElement (common/base-page.js:40:25)\n    at LoginPage.validate (testcase/dockyard/login-page.js:54:10)\n    at Context.<anonymous> (test-dockyard.js:42:19)\n    at runTest (/node_modules/selenium-webdriver/testing/index.js:164:22)\n    at /node_modules/selenium-webdriver/testing/index.js:185:16\n    at new ManagedPromise (/node_modules/selenium-webdriver/lib/promise.js:1085:7)\n    at controlFlowExecute (/node_modules/selenium-webdriver/testing/index.js:184:14)\n    at TaskQueue.execute_ (/node_modules/selenium-webdriver/lib/promise.js:3092:14)\n    at TaskQueue.executeNext_ (/node_modules/selenium-webdriver/lib/promise.js:3075:27)\n    at asyncRun (/node_modules/selenium-webdriver/lib/promise.js:2982:25)\n    at /node_modules/selenium-webdriver/lib/promise.js:676:7\n    at <anonymous>\nFrom: Task: WebElement.click()\n    at thenableWebDriverProxy.schedule (/node_modules/selenium-webdriver/lib/webdriver.js:816:17)\n    at WebElementPromise.schedule_ (/node_modules/selenium-webdriver/lib/webdriver.js:2024:25)\n    at WebElementPromise.click (/node_modules/selenium-webdriver/lib/webdriver.js:2105:17)\n    at LoginPage.clickElement (common/base-page.js:48:22)\n    at LoginPage.validate (testcase/dockyard/login-page.js:54:10)\n    at Context.<anonymous> (test-dockyard.js:42:19)\n    at runTest (/node_modules/selenium-webdriver/testing/index.js:164:22)\n    at /node_modules/selenium-webdriver/testing/index.js:185:16\n    at new ManagedPromise (/node_modules/selenium-webdriver/lib/promise.js:1085:7)\n    at controlFlowExecute (/node_modules/selenium-webdriver/testing/index.js:184:14)\n    at TaskQueue.execute_ (/node_modules/selenium-webdriver/lib/promise.js:3092:14)\n    at TaskQueue.executeNext_ (/node_modules/selenium-webdriver/lib/promise.js:3075:27)\n    at asyncRun (/node_modules/selenium-webdriver/lib/promise.js:2982:25)\n    at /node_modules/selenium-webdriver/lib/promise.js:676:7\n    at <anonymous>\nFrom: Task: Test for dockyard-test #login\n    at Context.ret (/node_modules/selenium-webdriver/testing/index.js:183:10)"
      },
      "isRoot": false,
      "uuid": "9fa31996-434e-43f4-bc93-fd08ea3c4978",
      "parentUUID": "4959ace2-90fb-4c5c-baa3-563547e98f51",
      "isHook": false,
      "skipped": false
    }
  ],
  "allPending": [],
  "allPasses": [],
  "allFailures": [
    {
      "title": "#login",
      "fullTitle": "Test for dockyard-test #login",
      "timedOut": false,
      "duration": 74788,
      "state": "failed",
      "pass": false,
      "fail": true,
      "pending": false,
      "code": "//  this.timeout(90000);\n        var loginPage = new LoginPage(driver);\n        loginPage.login();\n        driver.sleep(8000);\n        this.comFunc.takeScreenshot(driver, 'login.jpeg');\n        loginPage.validate();",
      "err": {
        "name": "TimeoutError",
        "estack": "TimeoutError: Waiting for element to be located By(xpath, //*[@id='tab-t5-2']/span[@class='tab-button-text'])\nWait timed out after 60008ms\n    at /node_modules/selenium-webdriver/lib/promise.js:2209:17\n    at ManagedPromise.invokeCallback_ (/node_modules/selenium-webdriver/lib/promise.js:1384:14)\n    at TaskQueue.execute_ (/node_modules/selenium-webdriver/lib/promise.js:3092:14)\n    at TaskQueue.executeNext_ (/node_modules/selenium-webdriver/lib/promise.js:3075:27)\n    at asyncRun (/node_modules/selenium-webdriver/lib/promise.js:2935:27)\n    at /node_modules/selenium-webdriver/lib/promise.js:676:7\n    at <anonymous>\n    at process._tickCallback (internal/process/next_tick.js:169:7)\nFrom: Task: Waiting for element to be located By(xpath, //*[@id='tab-t5-2']/span[@class='tab-button-text'])\n    at scheduleWait (/node_modules/selenium-webdriver/lib/promise.js:2196:20)\n    at ControlFlow.wait (/node_modules/selenium-webdriver/lib/promise.js:2525:12)\n    at thenableWebDriverProxy.wait (/node_modules/selenium-webdriver/lib/webdriver.js:943:29)\n    at LoginPage.getElement (common/base-page.js:28:28)\n    at LoginPage.clickElement (common/base-page.js:40:25)\n    at LoginPage.validate (testcase/dockyard/login-page.js:54:10)\n    at Context.<anonymous> (test-dockyard.js:42:19)\n    at runTest (/node_modules/selenium-webdriver/testing/index.js:164:22)\n    at /node_modules/selenium-webdriver/testing/index.js:185:16\n    at new ManagedPromise (/node_modules/selenium-webdriver/lib/promise.js:1085:7)\n    at controlFlowExecute (/node_modules/selenium-webdriver/testing/index.js:184:14)\n    at TaskQueue.execute_ (/node_modules/selenium-webdriver/lib/promise.js:3092:14)\n    at TaskQueue.executeNext_ (/node_modules/selenium-webdriver/lib/promise.js:3075:27)\n    at asyncRun (/node_modules/selenium-webdriver/lib/promise.js:2982:25)\n    at /node_modules/selenium-webdriver/lib/promise.js:676:7\n    at <anonymous>\nFrom: Task: WebElement.click()\n    at thenableWebDriverProxy.schedule (/node_modules/selenium-webdriver/lib/webdriver.js:816:17)\n    at WebElementPromise.schedule_ (/node_modules/selenium-webdriver/lib/webdriver.js:2024:25)\n    at WebElementPromise.click (/node_modules/selenium-webdriver/lib/webdriver.js:2105:17)\n    at LoginPage.clickElement (common/base-page.js:48:22)\n    at LoginPage.validate (testcase/dockyard/login-page.js:54:10)\n    at Context.<anonymous> (test-dockyard.js:42:19)\n    at runTest (/node_modules/selenium-webdriver/testing/index.js:164:22)\n    at /node_modules/selenium-webdriver/testing/index.js:185:16\n    at new ManagedPromise (/node_modules/selenium-webdriver/lib/promise.js:1085:7)\n    at controlFlowExecute (/node_modules/selenium-webdriver/testing/index.js:184:14)\n    at TaskQueue.execute_ (/node_modules/selenium-webdriver/lib/promise.js:3092:14)\n    at TaskQueue.executeNext_ (/node_modules/selenium-webdriver/lib/promise.js:3075:27)\n    at asyncRun (/node_modules/selenium-webdriver/lib/promise.js:2982:25)\n    at /node_modules/selenium-webdriver/lib/promise.js:676:7\n    at <anonymous>\nFrom: Task: Test for dockyard-test #login\n    at Context.ret (/node_modules/selenium-webdriver/testing/index.js:183:10)"
      },
      "isRoot": false,
      "uuid": "9fa31996-434e-43f4-bc93-fd08ea3c4978",
      "parentUUID": "4959ace2-90fb-4c5c-baa3-563547e98f51",
      "isHook": false,
      "skipped": false
    }
  ],
  "copyrightYear": 2017
}