{
  "stats": {
    "suites": 1,
    "tests": 1,
    "passes": 1,
    "pending": 0,
    "failures": 0,
    "start": "2017-06-28T09:52:18.369Z",
    "end": "2017-06-28T09:52:37.804Z",
    "duration": 19435,
    "testsRegistered": 1,
    "passPercent": 100,
    "pendingPercent": 0,
    "other": 0,
    "hasOther": false,
    "skipped": 0,
    "hasSkipped": false,
    "passPercentClass": "success",
    "pendingPercentClass": "danger"
  },
  "suites": {
    "title": "",
    "suites": [
      {
        "title": "Test for dockyard-test",
        "suites": [],
        "tests": [
          {
            "title": "#login",
            "fullTitle": "Test for dockyard-test #login",
            "timedOut": false,
            "duration": 15303,
            "state": "passed",
            "speed": "slow",
            "pass": true,
            "fail": false,
            "pending": false,
            "code": "//  this.timeout(90000);\n        var loginPage = new LoginPage(driver);\n        loginPage.login();\n        driver.sleep(8000);\n        this.comFunc.takeScreenshot(driver, 'login.jpeg');\n        //this.comFunc.sendMail();\n        //         var img = driver.findElement(By.tagName(\"img\"));\n        //         img.getAttribute(\"src\").then(function(value) {\n        //             assert.equal(value, '/images/index1.jpg');\n        //         });",
            "err": {},
            "isRoot": false,
            "uuid": "cec8d617-760b-4f54-9c94-e060935b7264",
            "parentUUID": "986656c0-68f2-4a6c-aaf3-b7b8699c4f8a",
            "isHook": false,
            "skipped": false
          }
        ],
        "pending": [],
        "root": false,
        "_timeout": 9000000,
        "file": "/test-dockyard.js",
        "uuid": "986656c0-68f2-4a6c-aaf3-b7b8699c4f8a",
        "beforeHooks": [
          {
            "title": "\"before all\" hook: ret",
            "fullTitle": "Test for dockyard-test \"before all\" hook: ret",
            "timedOut": false,
            "duration": 4058,
            "pass": false,
            "fail": false,
            "pending": false,
            "code": "var comFunc = new CommonFunction();\ndriver = comFunc.getDriver();\nthis.comFunc = comFunc;\n// driver.manage().window().setPosition(150,30);\n// driver.manage().window().setSize(1100,700);\ndriver.get(config.url);",
            "err": {},
            "isRoot": false,
            "uuid": "fff70439-9cf3-4d6e-8292-955fa9c6ecbc",
            "parentUUID": "986656c0-68f2-4a6c-aaf3-b7b8699c4f8a",
            "isHook": true,
            "skipped": false
          }
        ],
        "afterHooks": [
          {
            "title": "\"after all\" hook: ret",
            "fullTitle": "Test for dockyard-test \"after all\" hook: ret",
            "timedOut": false,
            "duration": 55,
            "pass": false,
            "fail": false,
            "pending": false,
            "code": "driver.quit();",
            "err": {},
            "isRoot": false,
            "uuid": "1cfb356a-02e0-4dda-9292-0888c70e00dc",
            "parentUUID": "986656c0-68f2-4a6c-aaf3-b7b8699c4f8a",
            "isHook": true,
            "skipped": false
          }
        ],
        "fullFile": "/Users/bindo/MyDisk/AutoTest/dockyard-autotest/test-dockyard.js",
        "passes": [
          {
            "title": "#login",
            "fullTitle": "Test for dockyard-test #login",
            "timedOut": false,
            "duration": 15303,
            "state": "passed",
            "speed": "slow",
            "pass": true,
            "fail": false,
            "pending": false,
            "code": "//  this.timeout(90000);\n        var loginPage = new LoginPage(driver);\n        loginPage.login();\n        driver.sleep(8000);\n        this.comFunc.takeScreenshot(driver, 'login.jpeg');\n        //this.comFunc.sendMail();\n        //         var img = driver.findElement(By.tagName(\"img\"));\n        //         img.getAttribute(\"src\").then(function(value) {\n        //             assert.equal(value, '/images/index1.jpg');\n        //         });",
            "err": {},
            "isRoot": false,
            "uuid": "cec8d617-760b-4f54-9c94-e060935b7264",
            "parentUUID": "986656c0-68f2-4a6c-aaf3-b7b8699c4f8a",
            "isHook": false,
            "skipped": false
          }
        ],
        "failures": [],
        "skipped": [],
        "hasBeforeHooks": true,
        "hasAfterHooks": true,
        "hasTests": true,
        "hasSuites": false,
        "totalTests": 1,
        "totalPasses": 1,
        "totalFailures": 0,
        "totalPending": 0,
        "totalSkipped": 0,
        "hasPasses": true,
        "hasFailures": false,
        "hasPending": false,
        "hasSkipped": false,
        "duration": 15303,
        "rootEmpty": false
      }
    ],
    "tests": [],
    "pending": [],
    "root": true,
    "_timeout": 2000,
    "uuid": "7edb0aa1-e8b9-4496-bb9b-67b2d85c43d0",
    "beforeHooks": [],
    "afterHooks": [],
    "fullFile": "",
    "file": "",
    "passes": [],
    "failures": [],
    "skipped": [],
    "hasBeforeHooks": false,
    "hasAfterHooks": false,
    "hasTests": false,
    "hasSuites": true,
    "totalTests": 0,
    "totalPasses": 0,
    "totalFailures": 0,
    "totalPending": 0,
    "totalSkipped": 0,
    "hasPasses": false,
    "hasFailures": false,
    "hasPending": false,
    "hasSkipped": false,
    "duration": 0,
    "rootEmpty": true
  },
  "allTests": [
    {
      "title": "#login",
      "fullTitle": "Test for dockyard-test #login",
      "timedOut": false,
      "duration": 15303,
      "state": "passed",
      "speed": "slow",
      "pass": true,
      "fail": false,
      "pending": false,
      "code": "//  this.timeout(90000);\n        var loginPage = new LoginPage(driver);\n        loginPage.login();\n        driver.sleep(8000);\n        this.comFunc.takeScreenshot(driver, 'login.jpeg');\n        //this.comFunc.sendMail();\n        //         var img = driver.findElement(By.tagName(\"img\"));\n        //         img.getAttribute(\"src\").then(function(value) {\n        //             assert.equal(value, '/images/index1.jpg');\n        //         });",
      "err": {},
      "isRoot": false,
      "uuid": "cec8d617-760b-4f54-9c94-e060935b7264",
      "parentUUID": "986656c0-68f2-4a6c-aaf3-b7b8699c4f8a",
      "isHook": false,
      "skipped": false
    }
  ],
  "allPending": [],
  "allPasses": [
    {
      "title": "#login",
      "fullTitle": "Test for dockyard-test #login",
      "timedOut": false,
      "duration": 15303,
      "state": "passed",
      "speed": "slow",
      "pass": true,
      "fail": false,
      "pending": false,
      "code": "//  this.timeout(90000);\n        var loginPage = new LoginPage(driver);\n        loginPage.login();\n        driver.sleep(8000);\n        this.comFunc.takeScreenshot(driver, 'login.jpeg');\n        //this.comFunc.sendMail();\n        //         var img = driver.findElement(By.tagName(\"img\"));\n        //         img.getAttribute(\"src\").then(function(value) {\n        //             assert.equal(value, '/images/index1.jpg');\n        //         });",
      "err": {},
      "isRoot": false,
      "uuid": "cec8d617-760b-4f54-9c94-e060935b7264",
      "parentUUID": "986656c0-68f2-4a6c-aaf3-b7b8699c4f8a",
      "isHook": false,
      "skipped": false
    }
  ],
  "allFailures": [],
  "copyrightYear": 2017
}