{
  "stats": {
    "suites": 1,
    "tests": 1,
    "passes": 1,
    "pending": 0,
    "failures": 0,
    "start": "2017-06-28T03:01:57.404Z",
    "end": "2017-06-28T03:02:36.128Z",
    "duration": 38724,
    "testsRegistered": 1,
    "passPercent": 100,
    "pendingPercent": 0,
    "other": 0,
    "hasOther": false,
    "skipped": 0,
    "hasSkipped": false,
    "passPercentClass": "success",
    "pendingPercentClass": "danger"
  },
  "suites": {
    "title": "",
    "suites": [
      {
        "title": "Test for dockyard-test",
        "suites": [],
        "tests": [
          {
            "title": "#login",
            "fullTitle": "Test for dockyard-test #login",
            "timedOut": false,
            "duration": 15044,
            "state": "passed",
            "speed": "slow",
            "pass": true,
            "fail": false,
            "pending": false,
            "code": "//  this.timeout(90000);\n        var loginPage = new LoginPage(driver);\n        loginPage.login();\n        driver.sleep(8000);\n        this.comFunc.takeScreenshot(driver, 'loginpage.jpeg');\n        this.comFunc.sendMail();\n        //         var img = driver.findElement(By.tagName(\"img\"));\n        //         img.getAttribute(\"src\").then(function(value) {\n        //             assert.equal(value, '/images/index1.jpg');\n        //         });",
            "err": {},
            "isRoot": false,
            "uuid": "cb4455df-9f77-4963-ad7c-61b5b6cd1fb5",
            "parentUUID": "131cd715-fa01-4914-b22a-d24ef164cbb8",
            "isHook": false,
            "skipped": false
          }
        ],
        "pending": [],
        "root": false,
        "_timeout": 9000000,
        "file": "/test-dockyard.js",
        "uuid": "131cd715-fa01-4914-b22a-d24ef164cbb8",
        "beforeHooks": [
          {
            "title": "\"before all\" hook: ret",
            "fullTitle": "Test for dockyard-test \"before all\" hook: ret",
            "timedOut": false,
            "duration": 23614,
            "pass": false,
            "fail": false,
            "pending": false,
            "code": "var comFunc = new CommonFunction();\ndriver = comFunc.getDriver();\nthis.comFunc = comFunc;\n// driver.manage().window().setPosition(150,30);\n// driver.manage().window().setSize(1100,700);\ndriver.get(config.url);",
            "err": {},
            "isRoot": false,
            "uuid": "9862d179-a4c3-452b-954c-7a7cfcf7ebe3",
            "parentUUID": "131cd715-fa01-4914-b22a-d24ef164cbb8",
            "isHook": true,
            "skipped": false
          }
        ],
        "afterHooks": [
          {
            "title": "\"after all\" hook: ret",
            "fullTitle": "Test for dockyard-test \"after all\" hook: ret",
            "timedOut": false,
            "duration": 55,
            "pass": false,
            "fail": false,
            "pending": false,
            "code": "driver.quit();",
            "err": {},
            "isRoot": false,
            "uuid": "f4533498-92d2-49d1-b774-76cd5df317c1",
            "parentUUID": "131cd715-fa01-4914-b22a-d24ef164cbb8",
            "isHook": true,
            "skipped": false
          }
        ],
        "fullFile": "/Users/bindo/MyDisk/AutoTest/dockyard-autotest/test-dockyard.js",
        "passes": [
          {
            "title": "#login",
            "fullTitle": "Test for dockyard-test #login",
            "timedOut": false,
            "duration": 15044,
            "state": "passed",
            "speed": "slow",
            "pass": true,
            "fail": false,
            "pending": false,
            "code": "//  this.timeout(90000);\n        var loginPage = new LoginPage(driver);\n        loginPage.login();\n        driver.sleep(8000);\n        this.comFunc.takeScreenshot(driver, 'loginpage.jpeg');\n        this.comFunc.sendMail();\n        //         var img = driver.findElement(By.tagName(\"img\"));\n        //         img.getAttribute(\"src\").then(function(value) {\n        //             assert.equal(value, '/images/index1.jpg');\n        //         });",
            "err": {},
            "isRoot": false,
            "uuid": "cb4455df-9f77-4963-ad7c-61b5b6cd1fb5",
            "parentUUID": "131cd715-fa01-4914-b22a-d24ef164cbb8",
            "isHook": false,
            "skipped": false
          }
        ],
        "failures": [],
        "skipped": [],
        "hasBeforeHooks": true,
        "hasAfterHooks": true,
        "hasTests": true,
        "hasSuites": false,
        "totalTests": 1,
        "totalPasses": 1,
        "totalFailures": 0,
        "totalPending": 0,
        "totalSkipped": 0,
        "hasPasses": true,
        "hasFailures": false,
        "hasPending": false,
        "hasSkipped": false,
        "duration": 15044,
        "rootEmpty": false
      }
    ],
    "tests": [],
    "pending": [],
    "root": true,
    "_timeout": 2000,
    "uuid": "e53bec13-b4c7-46a6-9166-564ea8f91888",
    "beforeHooks": [],
    "afterHooks": [],
    "fullFile": "",
    "file": "",
    "passes": [],
    "failures": [],
    "skipped": [],
    "hasBeforeHooks": false,
    "hasAfterHooks": false,
    "hasTests": false,
    "hasSuites": true,
    "totalTests": 0,
    "totalPasses": 0,
    "totalFailures": 0,
    "totalPending": 0,
    "totalSkipped": 0,
    "hasPasses": false,
    "hasFailures": false,
    "hasPending": false,
    "hasSkipped": false,
    "duration": 0,
    "rootEmpty": true
  },
  "allTests": [
    {
      "title": "#login",
      "fullTitle": "Test for dockyard-test #login",
      "timedOut": false,
      "duration": 15044,
      "state": "passed",
      "speed": "slow",
      "pass": true,
      "fail": false,
      "pending": false,
      "code": "//  this.timeout(90000);\n        var loginPage = new LoginPage(driver);\n        loginPage.login();\n        driver.sleep(8000);\n        this.comFunc.takeScreenshot(driver, 'loginpage.jpeg');\n        this.comFunc.sendMail();\n        //         var img = driver.findElement(By.tagName(\"img\"));\n        //         img.getAttribute(\"src\").then(function(value) {\n        //             assert.equal(value, '/images/index1.jpg');\n        //         });",
      "err": {},
      "isRoot": false,
      "uuid": "cb4455df-9f77-4963-ad7c-61b5b6cd1fb5",
      "parentUUID": "131cd715-fa01-4914-b22a-d24ef164cbb8",
      "isHook": false,
      "skipped": false
    }
  ],
  "allPending": [],
  "allPasses": [
    {
      "title": "#login",
      "fullTitle": "Test for dockyard-test #login",
      "timedOut": false,
      "duration": 15044,
      "state": "passed",
      "speed": "slow",
      "pass": true,
      "fail": false,
      "pending": false,
      "code": "//  this.timeout(90000);\n        var loginPage = new LoginPage(driver);\n        loginPage.login();\n        driver.sleep(8000);\n        this.comFunc.takeScreenshot(driver, 'loginpage.jpeg');\n        this.comFunc.sendMail();\n        //         var img = driver.findElement(By.tagName(\"img\"));\n        //         img.getAttribute(\"src\").then(function(value) {\n        //             assert.equal(value, '/images/index1.jpg');\n        //         });",
      "err": {},
      "isRoot": false,
      "uuid": "cb4455df-9f77-4963-ad7c-61b5b6cd1fb5",
      "parentUUID": "131cd715-fa01-4914-b22a-d24ef164cbb8",
      "isHook": false,
      "skipped": false
    }
  ],
  "allFailures": [],
  "copyrightYear": 2017
}